


ARM Macro Assembler    Page 1 


    1 00000000         ;/* ****************************************************
                       ***** */
    2 00000000         ;/* Name       ARM Cortex-M0 Port                       
                             */
    3 00000000         ;/* File       ASMCortex.s                              
                             */
    4 00000000         ;/* Version    V1.0                                     
                             */
    5 00000000         ;/* Mode       Thumb2                                   
                             */
    6 00000000         ;/* ****************************************************
                       ***** */
    7 00000000         
    8 00000000         ;RSEG CODE:CODE:NOROOT(2)
    9 00000000         ;THUMB
   10 00000000                 THUMB
   11 00000000                 REQUIRE8
   12 00000000                 PRESERVE8
   13 00000000                 AREA             |.text|, CODE, READONLY, ALIGN=
2
   14 00000000         
   15 00000000         ;/* ****************************************************
                       ***** */
   16 00000000         ;/*             EXTERN and PUBLIC                       
                             */
   17 00000000         ;/* ****************************************************
                       ***** */
   18 00000000                 EXTERN           ucOSRunning
   19 00000000                 EXTERN           ucOSPrioCur
   20 00000000                 EXTERN           ucOSPrioHighRdy
   21 00000000                 EXTERN           ucOSIntNesting
   22 00000000                 EXTERN           pOSTCBCur
   23 00000000                 EXTERN           pOSTCBHighRdy
   24 00000000                 EXPORT           OS_CPU_SR_Save
   25 00000000                 EXPORT           OS_CPU_SR_Restore
   26 00000000                 EXPORT           OSCtxSw
   27 00000000                 EXPORT           OSIntCtxSw
   28 00000000                 EXPORT           OSStartHighRdy
   29 00000000                 EXPORT           PendSV_Handler
   30 00000000         
   31 00000000         ;/* ****************************************************
                       ***** */
   32 00000000         ;/*             Definitions                             
                             */
   33 00000000         ;/* ****************************************************
                       ***** */
   34 00000000 E000ED04 
                       NVIC_INT_CTRL
                               EQU              0xE000ED04
   35 00000000 E000ED22 
                       NVIC_SYSPRI14
                               EQU              0xE000ED22
   36 00000000 000000FF 
                       NVIC_PENDSV_PRI
                               EQU              0xFF
   37 00000000 10000000 
                       NVIC_PENDSVSET
                               EQU              0x10000000
   38 00000000         



ARM Macro Assembler    Page 2 


   39 00000000         ;/* ****************************************************
                       ***** */
   40 00000000         ;/*             OS_CPU_SR_Save()                        
                             */
   41 00000000         ;/* ****************************************************
                       ***** */
   42 00000000         OS_CPU_SR_Save
   43 00000000 F3EF 8010       MRS              R0, PRIMASK
   44 00000004 B672            CPSID            I
   45 00000006 4770            BX               LR
   46 00000008         
   47 00000008         ;/* ****************************************************
                       ***** */
   48 00000008         ;/*             OS_CPU_SR_Restore()                     
                             */
   49 00000008         ;/* ****************************************************
                       ***** */
   50 00000008         OS_CPU_SR_Restore
   51 00000008 F380 8810       MSR              PRIMASK, R0
   52 0000000C 4770            BX               LR
   53 0000000E         
   54 0000000E         ;/* ****************************************************
                       ***** */
   55 0000000E         ;/*            OSCtxSw()                                
                             */
   56 0000000E         ;/* ****************************************************
                       ***** */
   57 0000000E         OSCtxSw
   58 0000000E 481B            LDR              R0, =NVIC_INT_CTRL
   59 00000010 F04F 5180       LDR              R1, =NVIC_PENDSVSET
   60 00000014 6001            STR              R1, [R0]
   61 00000016 4770            BX               LR
   62 00000018         
   63 00000018         ;/* ****************************************************
                       ***** */
   64 00000018         ;/*            OSIntCtxSw()                             
                             */
   65 00000018         ;/* ****************************************************
                       ***** */
   66 00000018         OSIntCtxSw
   67 00000018 4818            LDR              R0, =NVIC_INT_CTRL
   68 0000001A F04F 5180       LDR              R1, =NVIC_PENDSVSET
   69 0000001E 6001            STR              R1, [R0]
   70 00000020 4770            BX               LR
   71 00000022         
   72 00000022         ;/* ****************************************************
                       ***** */
   73 00000022         ;/*             OSStartHighRdy()                        
                             */
   74 00000022         ;/* ****************************************************
                       ***** */
   75 00000022         OSStartHighRdy
   76 00000022 4817            LDR              R0, =NVIC_SYSPRI14
   77 00000024 F04F 01FF       LDR              R1, =NVIC_PENDSV_PRI
   78 00000028 6001            STR              R1, [R0]
   79 0000002A 2000            MOVS             R0, #0
   80 0000002C F380 8809       MSR              PSP, R0
   81 00000030 4814            LDR              R0, =ucOSRunning
   82 00000032 2101            MOVS             R1, #1



ARM Macro Assembler    Page 3 


   83 00000034 7001            STRB             R1, [R0]
   84 00000036 4811            LDR              R0, =NVIC_INT_CTRL
   85 00000038 F04F 5180       LDR              R1, =NVIC_PENDSVSET
   86 0000003C 6001            STR              R1, [R0]
   87 0000003E B662            CPSIE            I
   88 00000040         OSStartHighRdy_Loop
   89 00000040 E7FE            B                OSStartHighRdy_Loop
   90 00000042         
   91 00000042         ;/* ****************************************************
                       ***** */
   92 00000042         ;/*            PendSV_Handler()                         
                             */
   93 00000042         ;/* ****************************************************
                       ***** */
   94 00000042         PendSV_Handler
   95 00000042 B672            CPSID            I           ;/* 1: Dis Interrup
                                                            t      */
   96 00000044 F3EF 8009       MRS              R0, PSP     ;/* 2: PSP == 0 ?  
                                                                   */
   97 00000048 B128            CBZ              R0, PendSVHandler_nosave
   98 0000004A 3820            SUBS             R0, R0, #0x20 ;/* 3: {R4-R11} >
                                                            > PSP    */
   99 0000004C E880 0FF0       STM              R0, {R4-R11}
  100 00000050         ;#ifdef __ARMVFP__
  101 00000050         ;VSTMDB  R0!, {S16-S31}          ;/* 3: {S16-S31} >> PSP
                          */
  102 00000050         ;#endif
  103 00000050 490D            LDR              R1, =pOSTCBCur ;/* 4: PSP>>pOST
                                                            CBCur->P0 */
  104 00000052 6809            LDR              R1, [R1]
  105 00000054 6008            STR              R0, [R1]
  106 00000056         PendSVHandler_nosave
  107 00000056 480D            LDR              R0, =ucOSPrioCur ;/* 6: Read uc
                                                            OSPrioCur   */
  108 00000058 490D            LDR              R1, =ucOSPrioHighRdy ;/* 7: Pri
                                                            oCur = HighRdy  */
  109 0000005A 780A            LDRB             R2, [R1]
  110 0000005C 7002            STRB             R2, [R0]
  111 0000005E 480A            LDR              R0, =pOSTCBCur ;/* 8: Read pOST
                                                            CBCur     */
  112 00000060 490C            LDR              R1, =pOSTCBHighRdy ;/* 9: pOSTC
                                                            BCur=pHighRdy */
  113 00000062 680A            LDR              R2, [R1]
  114 00000064 6002            STR              R2, [R0]
  115 00000066 6810            LDR              R0, [R2]    ;/* 10: PSP=pOSTCBC
                                                            ur->P0 */
  116 00000068         ;#ifdef __ARMVFP__
  117 00000068         ;VLDMIA  R0!, {S16-S31}          ;/* 11: {S16-S31} << PS
                       P  */
  118 00000068         ;#endif
  119 00000068 E890 0FF0       LDM              R0, {R4-R11} ;/* 11: {R4-R11} <
                                                            < PSP   */
  120 0000006C 3020            ADDS             R0, R0, #0x20
  121 0000006E F380 8809       MSR              PSP, R0
  122 00000072         ;#ifdef __ARMVFP__
  123 00000072         ;ORR     LR, LR, #0x04           ;/* 12: Use process sta
                       ck */
  124 00000072         ;#else
  125 00000072 F04E 0EF4       ORR              LR, LR, #0xF4 ;/* 12: Use proce



ARM Macro Assembler    Page 4 


                                                            ss stack */
  126 00000076         ;#endif
  127 00000076 B662            CPSIE            I           ;/* 13: En Interrup
                                                            t      */
  128 00000078 4770            BX               LR
  129 0000007A BF00            NOP
  130 0000007C         ;/* ****************************************************
                       ***** */
  131 0000007C                 END
              E000ED04 
              E000ED22 
              00000000 
              00000000 
              00000000 
              00000000 
              00000000 
Command Line: --debug --xref --diag_suppress=9931 --cpu=Cortex-M3 --apcs=interw
ork --depend=.\objects\asmcortex.d -o.\objects\asmcortex.o -IE:\CortexCODE\TEST
\BaseOnGEC4000\CommunicationBy4000V1.07\RTE -ID:\Keil5\ARM\PACK\Keil\STM32F1xx_
DFP\1.1.0\Device\Include -ID:\Keil5\ARM\CMSIS\Include --predefine="__UVISION_VE
RSION SETA 517" --predefine="STM32F10X_HD SETA 1" --list=.\listings\asmcortex.l
st OS\ASMCortex.s



ARM Macro Assembler    Page 1 Alphabetic symbol ordering
Relocatable symbols

.text 00000000

Symbol: .text
   Definitions
      At line 13 in file OS\ASMCortex.s
   Uses
      None
Comment: .text unused
OSCtxSw 0000000E

Symbol: OSCtxSw
   Definitions
      At line 57 in file OS\ASMCortex.s
   Uses
      At line 26 in file OS\ASMCortex.s
Comment: OSCtxSw used once
OSIntCtxSw 00000018

Symbol: OSIntCtxSw
   Definitions
      At line 66 in file OS\ASMCortex.s
   Uses
      At line 27 in file OS\ASMCortex.s
Comment: OSIntCtxSw used once
OSStartHighRdy 00000022

Symbol: OSStartHighRdy
   Definitions
      At line 75 in file OS\ASMCortex.s
   Uses
      At line 28 in file OS\ASMCortex.s
Comment: OSStartHighRdy used once
OSStartHighRdy_Loop 00000040

Symbol: OSStartHighRdy_Loop
   Definitions
      At line 88 in file OS\ASMCortex.s
   Uses
      At line 89 in file OS\ASMCortex.s
Comment: OSStartHighRdy_Loop used once
OS_CPU_SR_Restore 00000008

Symbol: OS_CPU_SR_Restore
   Definitions
      At line 50 in file OS\ASMCortex.s
   Uses
      At line 25 in file OS\ASMCortex.s
Comment: OS_CPU_SR_Restore used once
OS_CPU_SR_Save 00000000

Symbol: OS_CPU_SR_Save
   Definitions
      At line 42 in file OS\ASMCortex.s
   Uses
      At line 24 in file OS\ASMCortex.s
Comment: OS_CPU_SR_Save used once
PendSVHandler_nosave 00000056

Symbol: PendSVHandler_nosave



ARM Macro Assembler    Page 2 Alphabetic symbol ordering
Relocatable symbols

   Definitions
      At line 106 in file OS\ASMCortex.s
   Uses
      At line 97 in file OS\ASMCortex.s
Comment: PendSVHandler_nosave used once
PendSV_Handler 00000042

Symbol: PendSV_Handler
   Definitions
      At line 94 in file OS\ASMCortex.s
   Uses
      At line 29 in file OS\ASMCortex.s
Comment: PendSV_Handler used once
9 symbols



ARM Macro Assembler    Page 1 Alphabetic symbol ordering
Absolute symbols

NVIC_INT_CTRL E000ED04

Symbol: NVIC_INT_CTRL
   Definitions
      At line 34 in file OS\ASMCortex.s
   Uses
      At line 58 in file OS\ASMCortex.s
      At line 67 in file OS\ASMCortex.s
      At line 84 in file OS\ASMCortex.s

NVIC_PENDSVSET 10000000

Symbol: NVIC_PENDSVSET
   Definitions
      At line 37 in file OS\ASMCortex.s
   Uses
      At line 59 in file OS\ASMCortex.s
      At line 68 in file OS\ASMCortex.s
      At line 85 in file OS\ASMCortex.s

NVIC_PENDSV_PRI 000000FF

Symbol: NVIC_PENDSV_PRI
   Definitions
      At line 36 in file OS\ASMCortex.s
   Uses
      At line 77 in file OS\ASMCortex.s
Comment: NVIC_PENDSV_PRI used once
NVIC_SYSPRI14 E000ED22

Symbol: NVIC_SYSPRI14
   Definitions
      At line 35 in file OS\ASMCortex.s
   Uses
      At line 76 in file OS\ASMCortex.s
Comment: NVIC_SYSPRI14 used once
4 symbols



ARM Macro Assembler    Page 1 Alphabetic symbol ordering
External symbols

pOSTCBCur 00000000

Symbol: pOSTCBCur
   Definitions
      At line 22 in file OS\ASMCortex.s
   Uses
      At line 103 in file OS\ASMCortex.s
      At line 111 in file OS\ASMCortex.s

pOSTCBHighRdy 00000000

Symbol: pOSTCBHighRdy
   Definitions
      At line 23 in file OS\ASMCortex.s
   Uses
      At line 112 in file OS\ASMCortex.s
Comment: pOSTCBHighRdy used once
ucOSIntNesting 00000000

Symbol: ucOSIntNesting
   Definitions
      At line 21 in file OS\ASMCortex.s
   Uses
      None
Comment: ucOSIntNesting unused
ucOSPrioCur 00000000

Symbol: ucOSPrioCur
   Definitions
      At line 19 in file OS\ASMCortex.s
   Uses
      At line 107 in file OS\ASMCortex.s
Comment: ucOSPrioCur used once
ucOSPrioHighRdy 00000000

Symbol: ucOSPrioHighRdy
   Definitions
      At line 20 in file OS\ASMCortex.s
   Uses
      At line 108 in file OS\ASMCortex.s
Comment: ucOSPrioHighRdy used once
ucOSRunning 00000000

Symbol: ucOSRunning
   Definitions
      At line 18 in file OS\ASMCortex.s
   Uses
      At line 81 in file OS\ASMCortex.s
Comment: ucOSRunning used once
6 symbols
353 symbols in table
